Thin web server (v1.6.2 codename Doc Brown)
Maximum connections set to 1024
Listeni127.0.0.1 - - [24/May/2014 16:32:51] Stopping ...
Stopping ...
 - 0.0122
127.0.0.1 - - [24/May/2014 16:32:51] "GET / HTTP/1.1" 200 201 0.0020
127.0.0.1 - - [24/May/2014 16:32:52] "GET /login HTTP/1.1" 200 407 0.0037
Mysql2::Error - Access denied for user 'minix'@'localhost' (using password: YES):
	/usr/local/Cellar/ruby/1.9.3-p392/lib/ruby/gems/1.9.1/gems/mysql2-0.3.16/lib/mysql2/client.rb:70:in `connect'
	/usr/local/Cellar/ruby/1.9.3-p392/lib/ruby/gems/1.9.1/gems/mysql2-0.3.16/lib/mysql2/client.rb:70:in `initialize'
	/usr/local/Cellar/ruby/1.9.3-p392/lib/ruby/gems/1.9.1/gems/activerecord-3.2.14/lib/active_record/connection_adapters/mysql2_adapter.rb:16:in `new'
	/usr/local/Cellar/ruby/1.9.3-p392/lib/ruby/gems/1.9.1/gems/activerecord-3.2.14/lib/active_record/connection_adapters/mysql2_adapter.rb:16:in `mysql2_connection'
	/usr/local/Cellar/ruby/1.9.3-p392/lib/ruby/gems/1.9.1/gems/activerecord-3.2.14/lib/active_record/connection_adapters/abstract/connection_pool.rb:315:in `new_connection'
	/usr/local/Cellar/ruby/1.9.3-p392/lib/ruby/gems/1.9.1/gems/activerecord-3.2.14/lib/active_record/connection_adapters/abstract/connection_pool.rb:325:in `checkout_new_connection'
	/usr/local/Cellar/ruby/1.9.3-p392/lib/ruby/gems/1.9.1/gems/activerecord-3.2.14/lib/active_record/connection_adapters/abstract/connection_pool.rb:247:in `block (2 levels) in checkout'
	/usr/local/Cellar/ruby/1.9.3-p392/lib/ruby/gems/1.9.1/gems/activerecord-3.2.14/lib/active_record/connection_adapters/abstract/connection_pool.rb:242:in `loop'
	/usr/local/Cellar/ruby/1.9.3-p392/lib/ruby/gems/1.9.1/gems/activerecord-3.2.14/lib/active_record/connection_adapters/abstract/connection_pool.rb:242:in `block in checkout'
	/usr/local/Cellar/ruby/1.9.3-p392/lib/ruby/1.9.1/monitor.rb:211:in `mon_synchronize'
	/usr/local/Cellar/ruby/1.9.3-p392/lib/ruby/gems/1.9.1/gems/activerecord-3.2.14/lib/active_record/connection_adapters/abstract/connection_pool.rb:239:in `checkout'
	/usr/local/Cellar/ruby/1.9.3-p392/lib/ruby/gems/1.9.1/gems/activerecord-3.2.14/lib/active_record/connection_adapters/abstract/connection_pool.rb:102:in `block in connection'
	/usr/local/Cellar/ruby/1.9.3-p392/lib/ruby/1.9.1/monitor.rb:211:in `mon_synchronize'
	/usr/local/Cellar/ruby/1.9.3-p392/lib/ruby/gems/1.9.1/gems/activerecord-3.2.14/lib/active_record/connection_adapters/abstract/connection_pool.rb:101:in `connection'
	/usr/local/Cellar/ruby/1.9.3-p392/lib/ruby/gems/1.9.1/gems/activerecord-3.2.14/lib/active_record/connection_adapters/abstract/connection_pool.rb:410:in `retrieve_connection'
	/usr/local/Cellar/ruby/1.9.3-p392/lib/ruby/gems/1.9.1/gems/activerecord-3.2.14/lib/active_record/connection_adapters/abstract/connection_specification.rb:171:in `retrieve_connection'
	/usr/local/Cellar/ruby/1.9.3-p392/lib/ruby/gems/1.9.1/gems/activerecord-3.2.14/lib/active_record/connection_adapters/abstract/connection_specification.rb:145:in `connection'
	/usr/local/Cellar/ruby/1.9.3-p392/lib/ruby/gems/1.9.1/gems/activerecord-3.2.14/lib/active_record/model_schema.rb:229:in `columns'
	/usr/local/Cellar/ruby/1.9.3-p392/lib/ruby/gems/1.9.1/gems/activerecord-3.2.14/lib/active_record/model_schema.rb:249:in `column_names'
	/usr/local/Cellar/ruby/1.9.3-p392/lib/ruby/gems/1.9.1/gems/activerecord-3.2.14/lib/active_record/model_schema.rb:262:in `column_methods_hash'
	/usr/local/Cellar/ruby/1.9.3-p392/lib/ruby/gems/1.9.1/gems/activerecord-3.2.14/lib/active_record/dynamic_matchers.rb:74:in `all_attributes_exists?'
	/usr/local/Cellar/ruby/1.9.3-p392/lib/ruby/gems/1.9.1/gems/activerecord-3.2.14/lib/active_record/dynamic_matchers.rb:27:in `method_missing'
	/Volumes/Data/sinatra/model/user.rb:19:in `authenticate'
	main.rb:60:in `block in <main>'
	/usr/local/Cellar/ruby/1.9.3-p392/lib/ruby/gems/1.9.1/gems/sinatra-1.4.5/lib/sinatra/base.rb:1603:in `call'
	/usr/local/Cellar/ruby/1.9.3-p392/lib/ruby/gems/1.9.1/gems/sinatra-1.4.5/lib/sinatra/base.rb:1603:in `block in compile!'
	/usr/local/Cellar/ruby/1.9.3-p392/lib/ruby/gems/1.9.1/gems/sinatra-1.4.5/lib/sinatra/base.rb:966:in `[]'
	/usr/local/Cellar/ruby/1.9.3-p392/lib/ruby/gems/1.9.1/gems/sinatra-1.4.5/lib/sinatra/base.rb:966:in `block (3 levels) in route!'
	/usr/local/Cellar/ruby/1.9.3-p392/lib/ruby/gems/1.9.1/gems/sinatra-1.4.5/lib/sinatra/base.rb:985:in `route_eval'
	/usr/local/Cellar/ruby/1.9.3-p392/lib/ruby/gems/1.9.1/gems/sinatra-1.4.5/lib/sinatra/base.rb:966:in `block (2 levels) in route!'
	/usr/local/Cellar/ruby/1.9.3-p392/lib/ruby/gems/1.9.1/gems/sinatra-1.4.5/lib/sinatra/base.rb:1006:in `block in process_route'
	/usr/local/Cellar/ruby/1.9.3-p392/lib/ruby/gems/1.9.1/gems/sinatra-1.4.5/lib/sinatra/base.rb:1004:in `catch'
	/usr/local/Cellar/ruby/1.9.3-p392/lib/ruby/gems/1.9.1/gems/sinatra-1.4.5/lib/sinatra/base.rb:1004:in `process_route'
	/usr/local/Cellar/ruby/1.9.3-p392/lib/ruby/gems/1.9.1/gems/sinatra-1.4.5/lib/sinatra/base.rb:964:in `block in route!'
	/usr/local/Cellar/ruby/1.9.3-p392/lib/ruby/gems/1.9.1/gems/sinatra-1.4.5/lib/sinatra/base.rb:963:in `each'
	/usr/local/Cellar/ruby/1.9.3-p392/lib/ruby/gems/1.9.1/gems/sinatra-1.4.5/lib/sinatra/base.rb:963:in `route!'
	/usr/local/Cellar/ruby/1.9.3-p392/lib/ruby/gems/1.9.1/gems/sinatra-1.4.5/lib/sinatra/base.rb:1076:in `block in dispatch!'
	/usr/local/Cellar/ruby/1.9.3-p392/lib/ruby/gems/1.9.1/gems/sinatra-1.4.5/lib/sinatra/base.rb:1058:in `block in invoke'
	/usr/local/Cellar/ruby/1.9.3-p392/lib/ruby/gems/1.9.1/gems/sinatra-1.4.5/lib/sinatra/base.rb:1058:in `catch'
	/usr/local/Cellar/ruby/1.9.3-p392/lib/ruby/gems/1.9.1/gems/sinatra-1.4.5/lib/sinatra/base.rb:1058:in `invoke'
	/usr/local/Cellar/ruby/1.9.3-p392/lib/ruby/gems/1.9.1/gems/sinatra-1.4.5/lib/sinatra/base.rb:1073:in `dispatch!'
	/usr/local/Cellar/ruby/1.9.3-p392/lib/ruby/gems/1.9.1/gems/sinatra-1.4.5/lib/sinatra/base.rb:898:in `block in call!'
	/usr/local/Cellar/ruby/1.9.3-p392/lib/ruby/gems/1.9.1/gems/sinatra-1.4.5/lib/sinatra/base.rb:1058:in `block in invoke'
	/usr/local/Cellar/ruby/1.9.3-p392/lib/ruby/gems/1.9.1/gems/sinatra-1.4.5/lib/sinatra/base.rb:1058:in `catch'
	/usr/local/Cellar/ruby/1.9.3-p392/lib/ruby/gems/1.9.1/gems/sinatra-1.4.5/lib/sinatra/base.rb:1058:in `invoke'
	/usr/local/Cellar/ruby/1.9.3-p392/lib/ruby/gems/1.9.1/gems/sinatra-1.4.5/lib/sinatra/base.rb:898:in `call!'
	/usr/local/Cellar/ruby/1.9.3-p392/lib/ruby/gems/1.9.1/gems/sinatra-1.4.5/lib/sinatra/base.rb:886:in `call'
	/usr/local/Cellar/ruby/1.9.3-p392/lib/ruby/gems/1.9.1/gems/rack-protection-1.5.3/lib/rack/protection/xss_header.rb:18:in `call'
	/usr/local/Cellar/ruby/1.9.3-p392/lib/ruby/gems/1.9.1/gems/rack-protection-1.5.3/lib/rack/protection/base.rb:49:in `call'
	/usr/local/Cellar/ruby/1.9.3-p392/lib/ruby/gems/1.9.1/gems/rack-protection-1.5.3/lib/rack/protection/base.rb:49:in `call'
	/usr/local/Cellar/ruby/1.9.3-p392/lib/ruby/gems/1.9.1/gems/rack-protection-1.5.3/lib/rack/protection/path_traversal.rb:16:in `call'
	/usr/local/Cellar/ruby/1.9.3-p392/lib/ruby/gems/1.9.1/gems/rack-protection-1.5.3/lib/rack/protection/json_csrf.rb:18:in `call'
	/usr/local/Cellar/ruby/1.9.3-p392/lib/ruby/gems/1.9.1/gems/rack-protection-1.5.3/lib/rack/protection/base.rb:49:in `call'
	/usr/local/Cellar/ruby/1.9.3-p392/lib/ruby/gems/1.9.1/gems/rack-protection-1.5.3/lib/rack/protection/base.rb:49:in `call'
	/usr/local/Cellar/ruby/1.9.3-p392/lib/ruby/gems/1.9.1/gems/rack-protection-1.5.3/lib/rack/protection/frame_options.rb:31:in `call'
	/usr/local/Cellar/ruby/1.9.3-p392/lib/ruby/gems/1.9.1/gems/rack-1.5.2/lib/rack/session/abstract/id.rb:225:in `context'
	/usr/local/Cellar/ruby/1.9.3-p392/lib/ruby/gems/1.9.1/gems/rack-1.5.2/lib/rack/session/abstract/id.rb:220:in `call'
	/usr/local/Cellar/ruby/1.9.3-p392/lib/ruby/gems/1.9.1/gems/rack-1.5.2/lib/rack/logger.rb:15:in `call'
	/usr/local/Cellar/ruby/1.9.3-p392/lib/ruby/gems/1.9.1/gems/rack-1.5.2/lib/rack/commonlogger.rb:33:in `call'
	/usr/local/Cellar/ruby/1.9.3-p392/lib/ruby/gems/1.9.1/gems/sinatra-1.4.5/lib/sinatra/base.rb:217:in `call'
	/usr/local/Cellar/ruby/1.9.3-p392/lib/ruby/gems/1.9.1/gems/sinatra-1.4.5/lib/sinatra/base.rb:210:in `call'
	/usr/local/Cellar/ruby/1.9.3-p392/lib/ruby/gems/1.9.1/gems/rack-1.5.2/lib/rack/head.rb:11:in `call'
	/usr/local/Cellar/ruby/1.9.3-p392/lib/ruby/gems/1.9.1/gems/rack-1.5.2/lib/rack/methodoverride.rb:21:in `call'
	/usr/local/Cellar/ruby/1.9.3-p392/lib/ruby/gems/1.9.1/gems/sinatra-1.4.5/lib/sinatra/show_exceptions.rb:21:in `call'
	/usr/local/Cellar/ruby/1.9.3-p392/lib/ruby/gems/1.9.1/gems/sinatra-1.4.5/lib/sinatra/base.rb:180:in `call'
	/usr/local/Cellar/ruby/1.9.3-p392/lib/ruby/gems/1.9.1/gems/sinatra-1.4.5/lib/sinatra/base.rb:2014:in `call'
	/usr/local/Cellar/ruby/1.9.3-p392/lib/ruby/gems/1.9.1/gems/sinatra-1.4.5/lib/sinatra/base.rb:1478:in `block in call'
	/usr/local/Cellar/ruby/1.9.3-p392/lib/ruby/gems/1.9.1/gems/sinatra-1.4.5/lib/sinatra/base.rb:1788:in `synchronize'
	/usr/local/Cellar/ruby/1.9.3-p392/lib/ruby/gems/1.9.1/gems/sinatra-1.4.5/lib/sinatra/base.rb:1478:in `call'
	/usr/local/Cellar/ruby/1.9.3-p392/lib/ruby/gems/1.9.1/gems/thin-1.6.2/lib/thin/connection.rb:86:in `block in pre_process'
	/usr/local/Cellar/ruby/1.9.3-p392/lib/ruby/gems/1.9.1/gems/thin-1.6.2/lib/thin/connection.rb:84:in `catch'
	/usr/local/Cellar/ruby/1.9.3-p392/lib/ruby/gems/1.9.1/gems/thin-1.6.2/lib/thin/connection.rb:84:in `pre_process'
	/usr/local/Cellar/ruby/1.9.3-p392/lib/ruby/gems/1.9.1/gems/eventmachine-1.0.3/lib/eventmachine.rb:1037:in `call'
	/usr/local/Cellar/ruby/1.9.3-p392/lib/ruby/gems/1.9.1/gems/eventmachine-1.0.3/lib/eventmachine.rb:1037:in `block in spawn_threadpool'
== Sinatra has ended his set (crowd applauds)
== Sinatra/1.4.5 has taken the stage on 4567 for development with backup from Thin
Thin web server (v1.6.2 codename Doc Brown)
Maximum connections set to 1024
Listening on 127.0.0.1:4567, CTRL+C to stop
127.0.0.1 - - [24/May/2014 16:34:59] "GET /login HTTP/1.1" 200 407 0.0149
127.0.0.1 - - [24/May/2014 16:35:00] "GET / HTTP/1.1" 200 201 0.0019
127.0.0.1 - - [24/May/2014 16:35:01] "GET / HTTP/1.1" 200 201 0.0022
127.0.0.1 - - [24/May/2014 16:35:02] "GET /login HTTP/1.1" 200 407 0.0035
Mysql2::Error - Access denied for user 'minix'@'localhost' (using password: YES):
	/usr/local/Cellar/ruby/1.9.3-p392/lib/ruby/gems/1.9.1/gems/mysql2-0.3.16/lib/mysql2/client.rb:70:in `connect'
	/usr/local/Cellar/ruby/1.9.3-p392/lib/ruby/gems/1.9.1/gems/mysql2-0.3.16/lib/mysql2/client.rb:70:in `initialize'
	/usr/local/Cellar/ruby/1.9.3-p392/lib/ruby/gems/1.9.1/gems/activerecord-3.2.14/lib/active_record/connection_adapters/mysql2_adapter.rb:16:in `new'
	/usr/local/Cellar/ruby/1.9.3-p392/lib/ruby/gems/1.9.1/gems/activerecord-3.2.14/lib/active_record/connection_adapters/mysql2_adapter.rb:16:in `mysql2_connection'
	/usr/local/Cellar/ruby/1.9.3-p392/lib/ruby/gems/1.9.1/gems/activerecord-3.2.14/lib/active_record/connection_adapters/abstract/connection_pool.rb:315:in `new_connection'
	/usr/local/Cellar/ruby/1.9.3-p392/lib/ruby/gems/1.9.1/gems/activerecord-3.2.14/lib/active_record/connection_adapters/abstract/connection_pool.rb:325:in `checkout_new_connection'
	/usr/local/Cellar/ruby/1.9.3-p392/lib/ruby/gems/1.9.1/gems/activerecord-3.2.14/lib/active_record/connection_adapters/abstract/connection_pool.rb:247:in `block (2 levels) in checkout'
	/usr/local/Cellar/ruby/1.9.3-p392/lib/ruby/gems/1.9.1/gems/activerecord-3.2.14/lib/active_record/connection_adapters/abstract/connection_pool.rb:242:in `loop'
	/usr/local/Cellar/ruby/1.9.3-p392/lib/ruby/gems/1.9.1/gems/activerecord-3.2.14/lib/active_record/connection_adapters/abstract/connection_pool.rb:242:in `block in checkout'
	/usr/local/Cellar/ruby/1.9.3-p392/lib/ruby/1.9.1/monitor.rb:211:in `mon_synchronize'
	/usr/local/Cellar/ruby/1.9.3-p392/lib/ruby/gems/1.9.1/gems/activerecord-3.2.14/lib/active_record/connection_adapters/abstract/connection_pool.rb:239:in `checkout'
	/usr/local/Cellar/ruby/1.9.3-p392/lib/ruby/gems/1.9.1/gems/activerecord-3.2.14/lib/active_record/connection_adapters/abstract/connection_pool.rb:102:in `block in connection'
	/usr/local/Cellar/ruby/1.9.3-p392/lib/ruby/1.9.1/monitor.rb:211:in `mon_synchronize'
	/usr/local/Cellar/ruby/1.9.3-p392/lib/ruby/gems/1.9.1/gems/activerecord-3.2.14/lib/active_record/connection_adapters/abstract/connection_pool.rb:101:in `connection'
	/usr/local/Cellar/ruby/1.9.3-p392/lib/ruby/gems/1.9.1/gems/activerecord-3.2.14/lib/active_record/connection_adapters/abstract/connection_pool.rb:410:in `retrieve_connection'
	/usr/local/Cellar/ruby/1.9.3-p392/lib/ruby/gems/1.9.1/gems/activerecord-3.2.14/lib/active_record/connection_adapters/abstract/connection_specification.rb:171:in `retrieve_connection'
	/usr/local/Cellar/ruby/1.9.3-p392/lib/ruby/gems/1.9.1/gems/activerecord-3.2.14/lib/active_record/connection_adapters/abstract/connection_specification.rb:145:in `connection'
	/usr/local/Cellar/ruby/1.9.3-p392/lib/ruby/gems/1.9.1/gems/activerecord-3.2.14/lib/active_record/model_schema.rb:229:in `columns'
	/usr/local/Cellar/ruby/1.9.3-p392/lib/ruby/gems/1.9.1/gems/activerecord-3.2.14/lib/active_record/model_schema.rb:249:in `column_names'
	/usr/local/Cellar/ruby/1.9.3-p392/lib/ruby/gems/1.9.1/gems/activerecord-3.2.14/lib/active_record/model_schema.rb:262:in `column_methods_hash'
	/usr/local/Cellar/ruby/1.9.3-p392/lib/ruby/gems/1.9.1/gems/activerecord-3.2.14/lib/active_record/dynamic_matchers.rb:74:in `all_attributes_exists?'
	/usr/local/Cellar/ruby/1.9.3-p392/lib/ruby/gems/1.9.1/gems/activerecord-3.2.14/lib/active_record/dynamic_matchers.rb:27:in `method_missing'
	/Volumes/Data/sinatra/model/user.rb:19:in `authenticate'
	main.rb:60:in `block in <main>'
	/usr/local/Cellar/ruby/1.9.3-p392/lib/ruby/gems/1.9.1/gems/sinatra-1.4.5/lib/sinatra/base.rb:1603:in `call'
	/usr/local/Cellar/ruby/1.9.3-p392/lib/ruby/gems/1.9.1/gems/sinatra-1.4.5/lib/sinatra/base.rb:1603:in `block in compile!'
	/usr/local/Cellar/ruby/1.9.3-p392/lib/ruby/gems/1.9.1/gems/sinatra-1.4.5/lib/sinatra/base.rb:966:in `[]'
	/usr/local/Cellar/ruby/1.9.3-p392/lib/ruby/gems/1.9.1/gems/sinatra-1.4.5/lib/sinatra/base.rb:966:in `block (3 levels) in route!'
	/usr/local/Cellar/ruby/1.9.3-p392/lib/ruby/gems/1.9.1/gems/sinatra-1.4.5/lib/sinatra/base.rb:985:in `route_eval'
	/usr/local/Cellar/ruby/1.9.3-p392/lib/ruby/gems/1.9.1/gems/sinatra-1.4.5/lib/sinatra/base.rb:966:in `block (2 levels) in route!'
	/usr/local/Cellar/ruby/1.9.3-p392/lib/ruby/gems/1.9.1/gems/sinatra-1.4.5/lib/sinatra/base.rb:1006:in `block in process_route'
	/usr/local/Cellar/ruby/1.9.3-p392/lib/ruby/gems/1.9.1/gems/sinatra-1.4.5/lib/sinatra/base.rb:1004:in `catch'
	/usr/local/Cellar/ruby/1.9.3-p392/lib/ruby/gems/1.9.1/gems/sinatra-1.4.5/lib/sinatra/base.rb:1004:in `process_route'
	/usr/local/Cellar/ruby/1.9.3-p392/lib/ruby/gems/1.9.1/gems/sinatra-1.4.5/lib/sinatra/base.rb:964:in `block in route!'
	/usr/local/Cellar/ruby/1.9.3-p392/lib/ruby/gems/1.9.1/gems/sinatra-1.4.5/lib/sinatra/base.rb:963:in `each'
	/usr/local/Cellar/ruby/1.9.3-p392/lib/ruby/gems/1.9.1/gems/sinatra-1.4.5/lib/sinatra/base.rb:963:in `route!'
	/usr/local/Cellar/ruby/1.9.3-p392/lib/ruby/gems/1.9.1/gems/sinatra-1.4.5/lib/sinatra/base.rb:1076:in `block in dispatch!'
	/usr/local/Cellar/ruby/1.9.3-p392/lib/ruby/gems/1.9.1/gems/sinatra-1.4.5/lib/sinatra/base.rb:1058:in `block in invoke'
	/usr/local/Cellar/ruby/1.9.3-p392/lib/ruby/gems/1.9.1/gems/sinatra-1.4.5/lib/sinatra/base.rb:1058:in `catch'
	/usr/local/Cellar/ruby/1.9.3-p392/lib/ruby/gems/1.9.1/gems/sinatra-1.4.5/lib/sinatra/base.rb:1058:in `invoke'
	/usr/local/Cellar/ruby/1.9.3-p392/lib/ruby/gems/1.9.1/gems/sinatra-1.4.5/lib/sinatra/base.rb:1073:in `dispatch!'
	/usr/local/Cellar/ruby/1.9.3-p392/lib/ruby/gems/1.9.1/gems/sinatra-1.4.5/lib/sinatra/base.rb:898:in `block in call!'
	/usr/local/Cellar/ruby/1.9.3-p392/lib/ruby/gems/1.9.1/gems/sinatra-1.4.5/lib/sinatra/base.rb:1058:in `block in invoke'
	/usr/local/Cellar/ruby/1.9.3-p392/lib/ruby/gems/1.9.1/gems/sinatra-1.4.5/lib/sinatra/base.rb:1058:in `catch'
	/usr/local/Cellar/ruby/1.9.3-p392/lib/ruby/gems/1.9.1/gems/sinatra-1.4.5/lib/sinatra/base.rb:1058:in `invoke'
	/usr/local/Cellar/ruby/1.9.3-p392/lib/ruby/gems/1.9.1/gems/sinatra-1.4.5/lib/sinatra/base.rb:898:in `call!'
	/usr/local/Cellar/ruby/1.9.3-p392/lib/ruby/gems/1.9.1/gems/sinatra-1.4.5/lib/sinatra/base.rb:886:in `call'
	/usr/local/Cellar/ruby/1.9.3-p392/lib/ruby/gems/1.9.1/gems/rack-protection-1.5.3/lib/rack/protection/xss_header.rb:18:in `call'
	/usr/local/Cellar/ruby/1.9.3-p392/lib/ruby/gems/1.9.1/gems/rack-protection-1.5.3/lib/rack/protection/base.rb:49:in `call'
	/usr/local/Cellar/ruby/1.9.3-p392/lib/ruby/gems/1.9.1/gems/rack-protection-1.5.3/lib/rack/protection/base.rb:49:in `call'
	/usr/local/Cellar/ruby/1.9.3-p392/lib/ruby/gems/1.9.1/gems/rack-protection-1.5.3/lib/rack/protection/path_traversal.rb:16:in `call'
	/usr/local/Cellar/ruby/1.9.3-p392/lib/ruby/gems/1.9.1/gems/rack-protection-1.5.3/lib/rack/protection/json_csrf.rb:18:in `call'
	/usr/local/Cellar/ruby/1.9.3-p392/lib/ruby/gems/1.9.1/gems/rack-protection-1.5.3/lib/rack/protection/base.rb:49:in `call'
	/usr/local/Cellar/ruby/1.9.3-p392/lib/ruby/gems/1.9.1/gems/rack-protection-1.5.3/lib/rack/protection/base.rb:49:in `call'
	/usr/local/Cellar/ruby/1.9.3-p392/lib/ruby/gems/1.9.1/gems/rack-protection-1.5.3/lib/rack/protection/frame_options.rb:31:in `call'
	/usr/local/Cellar/ruby/1.9.3-p392/lib/ruby/gems/1.9.1/gems/rack-1.5.2/lib/rack/session/abstract/id.rb:225:in `context'
	/usr/local/Cellar/ruby/1.9.3-p392/lib/ruby/gems/1.9.1/gems/rack-1.5.2/lib/rack/session/abstract/id.rb:220:in `call'
	/usr/local/Cellar/ruby/1.9.3-p392/lib/ruby/gems/1.9.1/gems/rack-1.5.2/lib/rack/logger.rb:15:in `call'
	/usr/local/Cellar/ruby/1.9.3-p392/lib/ruby/gems/1.9.1/gems/rack-1.5.2/lib/rack/commonlogger.rb:33:in `call'
	/usr/local/Cellar/ruby/1.9.3-p392/lib/ruby/gems/1.9.1/gems/sinatra-1.4.5/lib/sinatra/base.rb:217:in `call'
	/usr/local/Cellar/ruby/1.9.3-p392/lib/ruby/gems/1.9.1/gems/sinatra-1.4.5/lib/sinatra/base.rb:210:in `call'
	/usr/local/Cellar/ruby/1.9.3-p392/lib/ruby/gems/1.9.1/gems/rack-1.5.2/lib/rack/head.rb:11:in `call'
	/usr/local/Cellar/ruby/1.9.3-p392/lib/ruby/gems/1.9.1/gems/rack-1.5.2/lib/rack/methodoverride.rb:21:in `call'
	/usr/local/Cellar/ruby/1.9.3-p392/lib/ruby/gems/1.9.1/gems/sinatra-1.4.5/lib/sinatra/show_exceptions.rb:21:in `call'
	/usr/local/Cellar/ruby/1.9.3-p392/lib/ruby/gems/1.9.1/gems/sinatra-1.4.5/lib/sinatra/base.rb:180:in `call'
	/usr/local/Cellar/ruby/1.9.3-p392/lib/ruby/gems/1.9.1/gems/sinatra-1.4.5/lib/sinatra/base.rb:2014:in `call'
	/usr/local/Cellar/ruby/1.9.3-p392/lib/ruby/gems/1.9.1/gems/sinatra-1.4.5/lib/sinatra/base.rb:1478:in `block in call'
	/usr/local/Cellar/ruby/1.9.3-p392/lib/ruby/gems/1.9.1/gems/sinatra-1.4.5/lib/sinatra/base.rb:1788:in `synchronize'
	/usr/local/Cellar/ruby/1.9.3-p392/lib/ruby/gems/1.9.1/gems/sinatra-1.4.5/lib/sinatra/base.rb:1478:in `call'
	/usr/local/Cellar/ruby/1.9.3-p392/lib/ruby/gems/1.9.1/gems/thin-1.6.2/lib/thin/connection.rb:86:in `block in pre_process'
	/usr/local/Cellar/ruby/1.9.3-p392/lib/ruby/gems/1.9.1/gems/thin-1.6.2/lib/thin/connection.rb:84:in `catch'
	/usr/local/Cellar/ruby/1.9.3-p392/lib/ruby/gems/1.9.1/gems/thin-1.6.2/lib/thin/connection.rb:84:in `pre_process'
	/usr/local/Cellar/ruby/1.9.3-p392/lib/ruby/gems/1.9.1/gems/eventmachine-1.0.3/lib/eventmachine.rb:1037:in `call'
	/usr/local/Cellar/ruby/1.9.3-p392/lib/ruby/gems/1.9.1/gems/eventmachine-1.0.3/lib/eventmachine.rb:1037:in `block in spawn_threadpool'
Stopping ...
Stopping ...
== Sinatra has ended his set (crowd applauds)
